<?xml version="1.0" encoding="UTF-8"?>
<testng-results ignored="0" total="3" passed="3" failed="0" skipped="0">
  <reporter-output>
  </reporter-output>
  <suite started-at="2023-12-20T19:04:41 IST" name="Default suite" finished-at="2023-12-20T19:05:11 IST" duration-ms="29202">
    <groups>
    </groups>
    <test started-at="2023-12-20T19:04:41 IST" name="Default test" finished-at="2023-12-20T19:05:11 IST" duration-ms="29202">
      <class name="com.sgtesting.tests.testcases.ActionClassDemo">
        <test-method signature="launchBrowser()[pri:1, instance:com.sgtesting.tests.testcases.ActionClassDemo@429bffaa]" started-at="2023-12-20T19:04:41 IST" name="launchBrowser" finished-at="2023-12-20T19:04:46 IST" duration-ms="4693" status="PASS">
          <reporter-output>
          </reporter-output>
        </test-method> <!-- launchBrowser -->
        <test-method signature="navigate()[pri:2, instance:com.sgtesting.tests.testcases.ActionClassDemo@429bffaa]" started-at="2023-12-20T19:04:46 IST" name="navigate" finished-at="2023-12-20T19:04:53 IST" duration-ms="6896" status="PASS">
          <reporter-output>
          </reporter-output>
        </test-method> <!-- navigate -->
        <test-method signature="mouseActions()[pri:3, instance:com.sgtesting.tests.testcases.ActionClassDemo@429bffaa]" started-at="2023-12-20T19:04:53 IST" name="mouseActions" finished-at="2023-12-20T19:05:11 IST" duration-ms="17559" status="PASS">
          <reporter-output>
          </reporter-output>
        </test-method> <!-- mouseActions -->
      </class> <!-- com.sgtesting.tests.testcases.ActionClassDemo -->
    </test> <!-- Default test -->
  </suite> <!-- Default suite -->
</testng-results>
