<?xml version="1.0" encoding="UTF-8"?>
<!-- Generated by org.testng.reporters.JUnitXMLReporter -->
<testsuite ignored="0" hostname="LAPTOP-RERLQ593" failures="0" tests="4" name="Scenarios" time="0.066" errors="0" timestamp="2023-12-19T18:06:09 IST">
  <testcase classname="com.sgtesting.tests.testcases.UnitTestcasesDemo" name="testcase1" time="0.01"/>
  <testcase classname="com.sgtesting.tests.testcases.UnitTestcasesDemo" name="testcase2" time="0.002"/>
  <testcase classname="com.sgtesting.tests.testcases.UnitTestcasesDemo" name="testcase3" time="0.001"/>
  <testcase classname="com.sgtesting.tests.testcases.UnitTestcasesDemo" name="testcase4" time="0.001"/>
</testsuite> <!-- Scenarios -->
