<?xml version="1.0" encoding="UTF-8"?>
<!-- Generated by org.testng.reporters.JUnitXMLReporter -->
<testsuite ignored="0" hostname="LAPTOP-RERLQ593" failures="0" tests="130" name="Scenarios" time="1020.916" errors="0" timestamp="2023-12-18T17:44:50 IST">
  <testcase classname="com.sgtesting.tests.CreateCustomerCreateProjectModifyProjectDeleteProjectCreateProject" name="launchBrowser" time="2.014"/>
  <testcase classname="com.sgtesting.tests.CreateCustomerCreateProjectModifyProjectDeleteProjectCreateProject" name="navigateBrowser" time="0.631"/>
  <testcase classname="com.sgtesting.tests.CreateCustomerCreateProjectModifyProjectDeleteProjectCreateProject" name="login" time="5.327"/>
  <testcase classname="com.sgtesting.tests.CreateCustomerCreateProjectModifyProjectDeleteProjectCreateProject" name="minimizeFlyOutWindow" time="2.128"/>
  <testcase classname="com.sgtesting.tests.CreateCustomerCreateProjectModifyProjectDeleteProjectCreateProject" name="createCustomer" time="20.904"/>
  <testcase classname="com.sgtesting.tests.CreateCustomerCreateProjectModifyProjectDeleteProjectCreateProject" name="createProject" time="15.542"/>
  <testcase classname="com.sgtesting.tests.CreateCustomerCreateProjectModifyProjectDeleteProjectCreateProject" name="modifyProject" time="20.418"/>
  <testcase classname="com.sgtesting.tests.CreateCustomerCreateProjectModifyProjectDeleteProjectCreateProject" name="deleteProject" time="25.426"/>
  <testcase classname="com.sgtesting.tests.CreateCustomerCreateProjectModifyProjectDeleteProjectCreateProject" name="deleteCustomer" time="25.448"/>
  <testcase classname="com.sgtesting.tests.CreateCustomerCreateProjectModifyProjectDeleteProjectCreateProject" name="logout" time="2.31"/>
  <testcase classname="com.sgtesting.tests.CreateCustomerCreateProjectModifyProjectDeleteProjectCreateProject" name="closeApplication" time="0.332"/>
  <testcase classname="com.sgtesting.tests.CreateCustomerCreateProjectDeleteProjectCreateProject" name="launchBrowser" time="1.175"/>
  <testcase classname="com.sgtesting.tests.CreateCustomerCreateProjectDeleteProjectCreateProject" name="navigateBrowser" time="0.683"/>
  <testcase classname="com.sgtesting.tests.CreateCustomerCreateProjectDeleteProjectCreateProject" name="login" time="5.377"/>
  <testcase classname="com.sgtesting.tests.CreateCustomerCreateProjectDeleteProjectCreateProject" name="minimizeFlyOutWindow" time="2.113"/>
  <testcase classname="com.sgtesting.tests.CreateCustomerCreateProjectDeleteProjectCreateProject" name="createCustomer" time="20.873"/>
  <testcase classname="com.sgtesting.tests.CreateCustomerCreateProjectDeleteProjectCreateProject" name="createProject" time="15.515"/>
  <testcase classname="com.sgtesting.tests.CreateCustomerCreateProjectDeleteProjectCreateProject" name="deleteProject" time="25.477"/>
  <testcase classname="com.sgtesting.tests.CreateCustomerCreateProjectDeleteProjectCreateProject" name="deleteCustomer" time="25.423"/>
  <testcase classname="com.sgtesting.tests.CreateCustomerCreateProjectDeleteProjectCreateProject" name="logout" time="2.27"/>
  <testcase classname="com.sgtesting.tests.CreateCustomerCreateProjectDeleteProjectCreateProject" name="closeApplication" time="0.319"/>
  <testcase classname="com.sgtesting.tests.CreateCustomerCreateProjecCreateTaskDeleteTaskDeleteProjectCreateProject" name="launchBrowser" time="1.226"/>
  <testcase classname="com.sgtesting.tests.CreateCustomerCreateProjecCreateTaskDeleteTaskDeleteProjectCreateProject" name="navigateBrowser" time="0.599"/>
  <testcase classname="com.sgtesting.tests.CreateCustomerCreateProjecCreateTaskDeleteTaskDeleteProjectCreateProject" name="login" time="5.366"/>
  <testcase classname="com.sgtesting.tests.CreateCustomerCreateProjecCreateTaskDeleteTaskDeleteProjectCreateProject" name="minimizeFlyOutWindow" time="2.121"/>
  <testcase classname="com.sgtesting.tests.CreateCustomerCreateProjecCreateTaskDeleteTaskDeleteProjectCreateProject" name="createCustomer" time="20.865"/>
  <testcase classname="com.sgtesting.tests.CreateCustomerCreateProjecCreateTaskDeleteTaskDeleteProjectCreateProject" name="createProject" time="15.511"/>
  <testcase classname="com.sgtesting.tests.CreateCustomerCreateProjecCreateTaskDeleteTaskDeleteProjectCreateProject" name="createTask" time="6.409"/>
  <testcase classname="com.sgtesting.tests.CreateCustomerCreateProjecCreateTaskDeleteTaskDeleteProjectCreateProject" name="deleteTask" time="6.352"/>
  <testcase classname="com.sgtesting.tests.CreateCustomerCreateProjecCreateTaskDeleteTaskDeleteProjectCreateProject" name="deleteProject" time="25.456"/>
  <testcase classname="com.sgtesting.tests.CreateCustomerCreateProjecCreateTaskDeleteTaskDeleteProjectCreateProject" name="deleteCustomer" time="25.429"/>
  <testcase classname="com.sgtesting.tests.CreateCustomerCreateProjecCreateTaskDeleteTaskDeleteProjectCreateProject" name="logout" time="2.295"/>
  <testcase classname="com.sgtesting.tests.CreateCustomerCreateProjecCreateTaskDeleteTaskDeleteProjectCreateProject" name="closeApplication" time="0.274"/>
  <testcase classname="com.sgtesting.tests.CreatecustomerAndModifyCustomerAndDeleteCustomerDemo" name="launchBrowser" time="1.268"/>
  <testcase classname="com.sgtesting.tests.CreatecustomerAndModifyCustomerAndDeleteCustomerDemo" name="navigateBrowser" time="0.615"/>
  <testcase classname="com.sgtesting.tests.CreatecustomerAndModifyCustomerAndDeleteCustomerDemo" name="login" time="5.371"/>
  <testcase classname="com.sgtesting.tests.CreatecustomerAndModifyCustomerAndDeleteCustomerDemo" name="minimizeFlyOutWindow" time="2.108"/>
  <testcase classname="com.sgtesting.tests.CreatecustomerAndModifyCustomerAndDeleteCustomerDemo" name="createCustomer" time="20.901"/>
  <testcase classname="com.sgtesting.tests.CreatecustomerAndModifyCustomerAndDeleteCustomerDemo" name="modifyCustomer" time="20.364"/>
  <testcase classname="com.sgtesting.tests.CreatecustomerAndModifyCustomerAndDeleteCustomerDemo" name="deleteCustomer" time="25.435"/>
  <testcase classname="com.sgtesting.tests.CreatecustomerAndModifyCustomerAndDeleteCustomerDemo" name="logout" time="2.272"/>
  <testcase classname="com.sgtesting.tests.CreatecustomerAndModifyCustomerAndDeleteCustomerDemo" name="closeApplication" time="0.317"/>
  <testcase classname="com.sgtesting.tests.CreateCustomerAndDeleteCustomerScanario" name="launchBrowser" time="1.226"/>
  <testcase classname="com.sgtesting.tests.CreateCustomerAndDeleteCustomerScanario" name="navigateBrowser" time="0.682"/>
  <testcase classname="com.sgtesting.tests.CreateCustomerAndDeleteCustomerScanario" name="login" time="5.355"/>
  <testcase classname="com.sgtesting.tests.CreateCustomerAndDeleteCustomerScanario" name="minimizeFlyOutWindow" time="2.116"/>
  <testcase classname="com.sgtesting.tests.CreateCustomerAndDeleteCustomerScanario" name="createCustomer" time="20.857"/>
  <testcase classname="com.sgtesting.tests.CreateCustomerAndDeleteCustomerScanario" name="deleteCustomer" time="25.419"/>
  <testcase classname="com.sgtesting.tests.CreateCustomerAndDeleteCustomerScanario" name="logout" time="2.252"/>
  <testcase classname="com.sgtesting.tests.CreateCustomerAndDeleteCustomerScanario" name="closeApplication" time="0.276"/>
  <testcase classname="com.sgtesting.tests.CreateAndDeleteUserScanario" name="launchBrowser" time="1.168"/>
  <testcase classname="com.sgtesting.tests.CreateAndDeleteUserScanario" name="navigateBrowser" time="0.634"/>
  <testcase classname="com.sgtesting.tests.CreateAndDeleteUserScanario" name="login" time="5.368"/>
  <testcase classname="com.sgtesting.tests.CreateAndDeleteUserScanario" name="minimizeFlyOutWindow" time="2.115"/>
  <testcase classname="com.sgtesting.tests.CreateAndDeleteUserScanario" name="createUser" time="21.573"/>
  <testcase classname="com.sgtesting.tests.CreateAndDeleteUserScanario" name="deleteCustomer" time="12.223"/>
  <testcase classname="com.sgtesting.tests.CreateAndDeleteUserScanario" name="logout" time="2.244"/>
  <testcase classname="com.sgtesting.tests.CreateAndDeleteUserScanario" name="closeApplication" time="0.29"/>
  <testcase classname="com.sgtesting.tests.AdvanceAssignment8InScenario" name="launchBrowser" time="1.188"/>
  <testcase classname="com.sgtesting.tests.AdvanceAssignment8InScenario" name="navigateBrowser" time="0.608"/>
  <testcase classname="com.sgtesting.tests.AdvanceAssignment8InScenario" name="login" time="5.354"/>
  <testcase classname="com.sgtesting.tests.AdvanceAssignment8InScenario" name="minimizeFlyOutWindow" time="2.108"/>
  <testcase classname="com.sgtesting.tests.AdvanceAssignment8InScenario" name="createUser" time="45.173"/>
  <testcase classname="com.sgtesting.tests.AdvanceAssignment8InScenario" name="logout" time="2.247"/>
  <testcase classname="com.sgtesting.tests.AdvanceAssignment8InScenario" name="loginUser1" time="5.263"/>
  <testcase classname="com.sgtesting.tests.AdvanceAssignment8InScenario" name="StartExploreActiTimeuser1" time="0.124"/>
  <testcase classname="com.sgtesting.tests.AdvanceAssignment8InScenario" name="logoutUser1" time="6.192"/>
  <testcase classname="com.sgtesting.tests.AdvanceAssignment8InScenario" name="loginUser2" time="5.254"/>
  <testcase classname="com.sgtesting.tests.AdvanceAssignment8InScenario" name="StartExploreActiTimeuser2" time="0.103"/>
  <testcase classname="com.sgtesting.tests.AdvanceAssignment8InScenario" name="logoutUser2" time="6.186"/>
  <testcase classname="com.sgtesting.tests.AdvanceAssignment8InScenario" name="loginUser3" time="5.262"/>
  <testcase classname="com.sgtesting.tests.AdvanceAssignment8InScenario" name="StartExploreActiTimeuser3" time="0.116"/>
  <testcase classname="com.sgtesting.tests.AdvanceAssignment8InScenario" name="logoutUser3" time="6.169"/>
  <testcase classname="com.sgtesting.tests.AdvanceAssignment8InScenario" name="loginAsAdmin" time="5.268"/>
  <testcase classname="com.sgtesting.tests.AdvanceAssignment8InScenario" name="adminUser" time="3.454"/>
  <testcase classname="com.sgtesting.tests.AdvanceAssignment8InScenario" name="modifyUser" time="43.34"/>
  <testcase classname="com.sgtesting.tests.AdvanceAssignment8InScenario" name="modifylogout" time="5.281"/>
  <testcase classname="com.sgtesting.tests.AdvanceAssignment8InScenario" name="modifyloginUser1" time="5.256"/>
  <testcase classname="com.sgtesting.tests.AdvanceAssignment8InScenario" name="modifyuser1logout" time="5.203"/>
  <testcase classname="com.sgtesting.tests.AdvanceAssignment8InScenario" name="modifyloginUser2" time="5.313"/>
  <testcase classname="com.sgtesting.tests.AdvanceAssignment8InScenario" name="modifyuser2logout" time="5.215"/>
  <testcase classname="com.sgtesting.tests.AdvanceAssignment8InScenario" name="modifyloginUser3" time="5.279"/>
  <testcase classname="com.sgtesting.tests.AdvanceAssignment8InScenario" name="modifyuser3logout" time="5.203"/>
  <testcase classname="com.sgtesting.tests.AdvanceAssignment8InScenario" name="loginAsAdminAfterModify" time="5.268"/>
  <testcase classname="com.sgtesting.tests.AdvanceAssignment8InScenario" name="adminUserAfterModify" time="3.73"/>
  <testcase classname="com.sgtesting.tests.AdvanceAssignment8InScenario" name="deleteUsers" time="21.59"/>
  <testcase classname="com.sgtesting.tests.AdvanceAssignment8InScenario" name="endlogout" time="2.231"/>
  <testcase classname="com.sgtesting.tests.AdvanceAssignment8InScenario" name="closeApplication" time="0.356"/>
  <testcase classname="com.sgtesting.tests.AdvanceAssignment9InScenario" name="launchBrowser" time="1.225"/>
  <testcase classname="com.sgtesting.tests.AdvanceAssignment9InScenario" name="navigateBrowser" time="0.641"/>
  <testcase classname="com.sgtesting.tests.AdvanceAssignment9InScenario" name="login" time="5.354"/>
  <testcase classname="com.sgtesting.tests.AdvanceAssignment9InScenario" name="minimizeFlyOutWindow" time="2.101"/>
  <testcase classname="com.sgtesting.tests.AdvanceAssignment9InScenario" name="createUser1" time="21.918"/>
  <testcase classname="com.sgtesting.tests.AdvanceAssignment9InScenario" name="logoutadmin" time="2.245"/>
  <testcase classname="com.sgtesting.tests.AdvanceAssignment9InScenario" name="loginUser1" time="5.277"/>
  <testcase classname="com.sgtesting.tests.AdvanceAssignment9InScenario" name="StartExploreActiTimeuser1" time="0.121"/>
  <testcase classname="com.sgtesting.tests.AdvanceAssignment9InScenario" name="createUser2" time="22.111"/>
  <testcase classname="com.sgtesting.tests.AdvanceAssignment9InScenario" name="logoutUser1" time="5.237"/>
  <testcase classname="com.sgtesting.tests.AdvanceAssignment9InScenario" name="loginUser2" time="5.251"/>
  <testcase classname="com.sgtesting.tests.AdvanceAssignment9InScenario" name="StartExploreActiTimeuser2" time="0.118"/>
  <testcase classname="com.sgtesting.tests.AdvanceAssignment9InScenario" name="createUser3" time="22.044"/>
  <testcase classname="com.sgtesting.tests.AdvanceAssignment9InScenario" name="logoutUser2" time="5.224"/>
  <testcase classname="com.sgtesting.tests.AdvanceAssignment9InScenario" name="loginUser3" time="5.266"/>
  <testcase classname="com.sgtesting.tests.AdvanceAssignment9InScenario" name="StartExploreActiTimeuser3" time="0.104"/>
  <testcase classname="com.sgtesting.tests.AdvanceAssignment9InScenario" name="logoutUser3" time="6.175"/>
  <testcase classname="com.sgtesting.tests.AdvanceAssignment9InScenario" name="loginUser2ForModifyUser3" time="5.247"/>
  <testcase classname="com.sgtesting.tests.AdvanceAssignment9InScenario" name="modifyPasswordForUser3" time="17.83"/>
  <testcase classname="com.sgtesting.tests.AdvanceAssignment9InScenario" name="logoutUser2AfterModification" time="5.251"/>
  <testcase classname="com.sgtesting.tests.AdvanceAssignment9InScenario" name="loginUser3AfterModification" time="5.262"/>
  <testcase classname="com.sgtesting.tests.AdvanceAssignment9InScenario" name="logoutUser3AfterModification" time="5.207"/>
  <testcase classname="com.sgtesting.tests.AdvanceAssignment9InScenario" name="loginUser1ForModifyUser2" time="5.247"/>
  <testcase classname="com.sgtesting.tests.AdvanceAssignment9InScenario" name="modifyPasswordForUser2" time="17.807"/>
  <testcase classname="com.sgtesting.tests.AdvanceAssignment9InScenario" name="logoutUser1AfterModification" time="5.238"/>
  <testcase classname="com.sgtesting.tests.AdvanceAssignment9InScenario" name="loginUser2AfterModification" time="5.267"/>
  <testcase classname="com.sgtesting.tests.AdvanceAssignment9InScenario" name="logoutUser2AfterNextModification" time="5.203"/>
  <testcase classname="com.sgtesting.tests.AdvanceAssignment9InScenario" name="loginAdmin" time="5.259"/>
  <testcase classname="com.sgtesting.tests.AdvanceAssignment9InScenario" name="modifyPasswordForUser1" time="17.756"/>
  <testcase classname="com.sgtesting.tests.AdvanceAssignment9InScenario" name="logoutUser1AfterAdminModify" time="5.247"/>
  <testcase classname="com.sgtesting.tests.AdvanceAssignment9InScenario" name="loginAsUser1AfterModification" time="5.253"/>
  <testcase classname="com.sgtesting.tests.AdvanceAssignment9InScenario" name="logoutAsUser1AfterModification" time="5.204"/>
  <testcase classname="com.sgtesting.tests.AdvanceAssignment9InScenario" name="loginAsUser2last" time="5.263"/>
  <testcase classname="com.sgtesting.tests.AdvanceAssignment9InScenario" name="DeleteUser3" time="11.547"/>
  <testcase classname="com.sgtesting.tests.AdvanceAssignment9InScenario" name="logoutuser2" time="5.235"/>
  <testcase classname="com.sgtesting.tests.AdvanceAssignment9InScenario" name="loginAsUser1last" time="5.274"/>
  <testcase classname="com.sgtesting.tests.AdvanceAssignment9InScenario" name="DeleteUser2" time="11.536"/>
  <testcase classname="com.sgtesting.tests.AdvanceAssignment9InScenario" name="logoutuser1" time="5.219"/>
  <testcase classname="com.sgtesting.tests.AdvanceAssignment9InScenario" name="loginlastAdmin" time="5.259"/>
  <testcase classname="com.sgtesting.tests.AdvanceAssignment9InScenario" name="DeleteUser1" time="11.59"/>
  <testcase classname="com.sgtesting.tests.AdvanceAssignment9InScenario" name="logoutlastuser1" time="5.234"/>
  <testcase classname="com.sgtesting.tests.AdvanceAssignment9InScenario" name="closeApplication" time="0.412"/>
</testsuite> <!-- Scenarios -->
