<?xml version="1.0" encoding="UTF-8"?>
<!-- Generated by org.testng.reporters.JUnitXMLReporter -->
<testsuite ignored="0" hostname="LAPTOP-RERLQ593" failures="0" tests="3" name="Default test" time="29.202" errors="0" timestamp="2023-12-20T19:05:11 IST">
  <testcase classname="com.sgtesting.tests.testcases.ActionClassDemo" name="launchBrowser" time="4.693"/>
  <testcase classname="com.sgtesting.tests.testcases.ActionClassDemo" name="navigate" time="6.896"/>
  <testcase classname="com.sgtesting.tests.testcases.ActionClassDemo" name="mouseActions" time="17.559"/>
</testsuite> <!-- Default test -->
