<?xml version="1.0" encoding="UTF-8"?>
<!-- Generated by org.testng.reporters.JUnitXMLReporter -->
<testsuite ignored="0" hostname="LAPTOP-RERLQ593" failures="0" tests="42" name="Default test" time="287.163" errors="0" timestamp="2023-12-14T11:49:29 IST">
  <testcase classname="com.sgtesting.tests.AdvanceAssignment9InScenario" name="launchBrowser" time="1.466"/>
  <testcase classname="com.sgtesting.tests.AdvanceAssignment9InScenario" name="navigateBrowser" time="0.494"/>
  <testcase classname="com.sgtesting.tests.AdvanceAssignment9InScenario" name="login" time="5.246"/>
  <testcase classname="com.sgtesting.tests.AdvanceAssignment9InScenario" name="minimizeFlyOutWindow" time="2.087"/>
  <testcase classname="com.sgtesting.tests.AdvanceAssignment9InScenario" name="createUser1" time="20.897"/>
  <testcase classname="com.sgtesting.tests.AdvanceAssignment9InScenario" name="logoutadmin" time="2.147"/>
  <testcase classname="com.sgtesting.tests.AdvanceAssignment9InScenario" name="loginUser1" time="5.179"/>
  <testcase classname="com.sgtesting.tests.AdvanceAssignment9InScenario" name="StartExploreActiTimeuser1" time="0.077"/>
  <testcase classname="com.sgtesting.tests.AdvanceAssignment9InScenario" name="createUser2" time="21.665"/>
  <testcase classname="com.sgtesting.tests.AdvanceAssignment9InScenario" name="logoutUser1" time="5.141"/>
  <testcase classname="com.sgtesting.tests.AdvanceAssignment9InScenario" name="loginUser2" time="5.174"/>
  <testcase classname="com.sgtesting.tests.AdvanceAssignment9InScenario" name="StartExploreActiTimeuser2" time="0.065"/>
  <testcase classname="com.sgtesting.tests.AdvanceAssignment9InScenario" name="createUser3" time="21.671"/>
  <testcase classname="com.sgtesting.tests.AdvanceAssignment9InScenario" name="logoutUser2" time="5.143"/>
  <testcase classname="com.sgtesting.tests.AdvanceAssignment9InScenario" name="loginUser3" time="5.163"/>
  <testcase classname="com.sgtesting.tests.AdvanceAssignment9InScenario" name="StartExploreActiTimeuser3" time="0.065"/>
  <testcase classname="com.sgtesting.tests.AdvanceAssignment9InScenario" name="logoutUser3" time="6.125"/>
  <testcase classname="com.sgtesting.tests.AdvanceAssignment9InScenario" name="loginUser2ForModifyUser3" time="5.168"/>
  <testcase classname="com.sgtesting.tests.AdvanceAssignment9InScenario" name="modifyPasswordForUser3" time="17.476"/>
  <testcase classname="com.sgtesting.tests.AdvanceAssignment9InScenario" name="logoutUser2AfterModification" time="5.143"/>
  <testcase classname="com.sgtesting.tests.AdvanceAssignment9InScenario" name="loginUser3AfterModification" time="5.166"/>
  <testcase classname="com.sgtesting.tests.AdvanceAssignment9InScenario" name="logoutUser3AfterModification" time="5.127"/>
  <testcase classname="com.sgtesting.tests.AdvanceAssignment9InScenario" name="loginUser1ForModifyUser2" time="5.161"/>
  <testcase classname="com.sgtesting.tests.AdvanceAssignment9InScenario" name="modifyPasswordForUser2" time="17.468"/>
  <testcase classname="com.sgtesting.tests.AdvanceAssignment9InScenario" name="logoutUser1AfterModification" time="5.149"/>
  <testcase classname="com.sgtesting.tests.AdvanceAssignment9InScenario" name="loginUser2AfterModification" time="5.172"/>
  <testcase classname="com.sgtesting.tests.AdvanceAssignment9InScenario" name="logoutUser2AfterNextModification" time="5.127"/>
  <testcase classname="com.sgtesting.tests.AdvanceAssignment9InScenario" name="loginAdmin" time="5.17"/>
  <testcase classname="com.sgtesting.tests.AdvanceAssignment9InScenario" name="modifyPasswordForUser1" time="17.477"/>
  <testcase classname="com.sgtesting.tests.AdvanceAssignment9InScenario" name="logoutUser1AfterAdminModify" time="5.14"/>
  <testcase classname="com.sgtesting.tests.AdvanceAssignment9InScenario" name="loginAsUser1AfterModification" time="5.159"/>
  <testcase classname="com.sgtesting.tests.AdvanceAssignment9InScenario" name="logoutAsUser1AfterModification" time="5.121"/>
  <testcase classname="com.sgtesting.tests.AdvanceAssignment9InScenario" name="loginAsUser2last" time="5.169"/>
  <testcase classname="com.sgtesting.tests.AdvanceAssignment9InScenario" name="DeleteUser3" time="11.326"/>
  <testcase classname="com.sgtesting.tests.AdvanceAssignment9InScenario" name="logoutuser2" time="5.134"/>
  <testcase classname="com.sgtesting.tests.AdvanceAssignment9InScenario" name="loginAsUser1last" time="5.168"/>
  <testcase classname="com.sgtesting.tests.AdvanceAssignment9InScenario" name="DeleteUser2" time="11.315"/>
  <testcase classname="com.sgtesting.tests.AdvanceAssignment9InScenario" name="logoutuser1" time="5.125"/>
  <testcase classname="com.sgtesting.tests.AdvanceAssignment9InScenario" name="loginlastAdmin" time="5.173"/>
  <testcase classname="com.sgtesting.tests.AdvanceAssignment9InScenario" name="DeleteUser1" time="11.334"/>
  <testcase classname="com.sgtesting.tests.AdvanceAssignment9InScenario" name="logoutlastuser1" time="5.134"/>
  <testcase classname="com.sgtesting.tests.AdvanceAssignment9InScenario" name="closeApplication" time="0.181"/>
</testsuite> <!-- Default test -->
