<?xml version="1.0" encoding="UTF-8"?>
<!-- Generated by org.testng.reporters.JUnitXMLReporter -->
<testsuite ignored="0" hostname="LAPTOP-RERLQ593" failures="0" tests="81" name="Default test" time="284.105" errors="0" timestamp="2023-12-18T16:09:19 IST">
  <testcase classname="com.sgtesting.tests.Assignment9Scenario" name="launchBrowser" time="2.094"/>
  <testcase classname="com.sgtesting.tests.Assignment9Scenario" name="navigate" time="5.59"/>
  <testcase classname="com.sgtesting.tests.Assignment9Scenario" name="login" time="9.363"/>
  <testcase classname="com.sgtesting.tests.Assignment9Scenario" name="flyOutWindow" time="3.095"/>
  <testcase classname="com.sgtesting.tests.Assignment9Scenario" name="createUser1" time="3.45"/>
  <testcase classname="com.sgtesting.tests.Assignment9Scenario" name="Adduser1" time="3.106"/>
  <testcase classname="com.sgtesting.tests.Assignment9Scenario" name="FN1" time="0.108"/>
  <testcase classname="com.sgtesting.tests.Assignment9Scenario" name="LN1" time="0.132"/>
  <testcase classname="com.sgtesting.tests.Assignment9Scenario" name="Email1" time="0.163"/>
  <testcase classname="com.sgtesting.tests.Assignment9Scenario" name="username1" time="0.13"/>
  <testcase classname="com.sgtesting.tests.Assignment9Scenario" name="password1" time="0.143"/>
  <testcase classname="com.sgtesting.tests.Assignment9Scenario" name="passwordcopy1" time="0.146"/>
  <testcase classname="com.sgtesting.tests.Assignment9Scenario" name="createuser1" time="3.104"/>
  <testcase classname="com.sgtesting.tests.Assignment9Scenario" name="logoutAdmin" time="3.23"/>
  <testcase classname="com.sgtesting.tests.Assignment9Scenario" name="loginuser1" time="9.302"/>
  <testcase classname="com.sgtesting.tests.Assignment9Scenario" name="startExploreuser1" time="3.099"/>
  <testcase classname="com.sgtesting.tests.Assignment9Scenario" name="createUser2" time="3.392"/>
  <testcase classname="com.sgtesting.tests.Assignment9Scenario" name="Adduser2" time="3.091"/>
  <testcase classname="com.sgtesting.tests.Assignment9Scenario" name="FN2" time="0.087"/>
  <testcase classname="com.sgtesting.tests.Assignment9Scenario" name="LN2" time="0.123"/>
  <testcase classname="com.sgtesting.tests.Assignment9Scenario" name="Email2" time="0.143"/>
  <testcase classname="com.sgtesting.tests.Assignment9Scenario" name="username2" time="0.117"/>
  <testcase classname="com.sgtesting.tests.Assignment9Scenario" name="password2" time="0.122"/>
  <testcase classname="com.sgtesting.tests.Assignment9Scenario" name="passwordcopy2" time="0.12"/>
  <testcase classname="com.sgtesting.tests.Assignment9Scenario" name="createuser2" time="3.074"/>
  <testcase classname="com.sgtesting.tests.Assignment9Scenario" name="logoutuser1" time="3.219"/>
  <testcase classname="com.sgtesting.tests.Assignment9Scenario" name="loginuser2" time="9.271"/>
  <testcase classname="com.sgtesting.tests.Assignment9Scenario" name="startExploreuser2" time="3.077"/>
  <testcase classname="com.sgtesting.tests.Assignment9Scenario" name="createUser3" time="3.383"/>
  <testcase classname="com.sgtesting.tests.Assignment9Scenario" name="Adduser3" time="3.07"/>
  <testcase classname="com.sgtesting.tests.Assignment9Scenario" name="FN3" time="0.077"/>
  <testcase classname="com.sgtesting.tests.Assignment9Scenario" name="LN3" time="0.1"/>
  <testcase classname="com.sgtesting.tests.Assignment9Scenario" name="Email3" time="0.126"/>
  <testcase classname="com.sgtesting.tests.Assignment9Scenario" name="username3" time="0.098"/>
  <testcase classname="com.sgtesting.tests.Assignment9Scenario" name="password3" time="0.107"/>
  <testcase classname="com.sgtesting.tests.Assignment9Scenario" name="passwordcopy3" time="0.106"/>
  <testcase classname="com.sgtesting.tests.Assignment9Scenario" name="createuser3" time="3.07"/>
  <testcase classname="com.sgtesting.tests.Assignment9Scenario" name="logoutuser2" time="3.194"/>
  <testcase classname="com.sgtesting.tests.Assignment9Scenario" name="loginuser3" time="9.254"/>
  <testcase classname="com.sgtesting.tests.Assignment9Scenario" name="startExploreuser3" time="3.093"/>
  <testcase classname="com.sgtesting.tests.Assignment9Scenario" name="logoutuser3" time="3.182"/>
  <testcase classname="com.sgtesting.tests.Assignment9Scenario" name="loginuser2ForModifyUser3" time="9.257"/>
  <testcase classname="com.sgtesting.tests.Assignment9Scenario" name="adminuser" time="3.335"/>
  <testcase classname="com.sgtesting.tests.Assignment9Scenario" name="modify3" time="3.091"/>
  <testcase classname="com.sgtesting.tests.Assignment9Scenario" name="modify3password" time="0.254"/>
  <testcase classname="com.sgtesting.tests.Assignment9Scenario" name="modifycreateuser1" time="3.1"/>
  <testcase classname="com.sgtesting.tests.Assignment9Scenario" name="logoutuser2AfterModify" time="3.247"/>
  <testcase classname="com.sgtesting.tests.Assignment9Scenario" name="loginuser3AfterModify" time="9.3"/>
  <testcase classname="com.sgtesting.tests.Assignment9Scenario" name="logoutuser3AfterModify" time="3.215"/>
  <testcase classname="com.sgtesting.tests.Assignment9Scenario" name="loginuser1ForModifyUser2" time="9.271"/>
  <testcase classname="com.sgtesting.tests.Assignment9Scenario" name="adminuser1" time="3.36"/>
  <testcase classname="com.sgtesting.tests.Assignment9Scenario" name="modify2" time="3.172"/>
  <testcase classname="com.sgtesting.tests.Assignment9Scenario" name="modify2password" time="0.248"/>
  <testcase classname="com.sgtesting.tests.Assignment9Scenario" name="modifycreateuser2" time="3.079"/>
  <testcase classname="com.sgtesting.tests.Assignment9Scenario" name="logoutuser1AfterModify" time="3.239"/>
  <testcase classname="com.sgtesting.tests.Assignment9Scenario" name="loginuser2AfterModify" time="9.291"/>
  <testcase classname="com.sgtesting.tests.Assignment9Scenario" name="logoutuser2AfternextModify" time="3.207"/>
  <testcase classname="com.sgtesting.tests.Assignment9Scenario" name="loginAsAdmin" time="9.276"/>
  <testcase classname="com.sgtesting.tests.Assignment9Scenario" name="adminUserClick" time="3.363"/>
  <testcase classname="com.sgtesting.tests.Assignment9Scenario" name="modify1" time="3.105"/>
  <testcase classname="com.sgtesting.tests.Assignment9Scenario" name="modify1password" time="0.271"/>
  <testcase classname="com.sgtesting.tests.Assignment9Scenario" name="modifycreateuser1CLickButton" time="3.106"/>
  <testcase classname="com.sgtesting.tests.Assignment9Scenario" name="logoutadmin" time="3.239"/>
  <testcase classname="com.sgtesting.tests.Assignment9Scenario" name="loginuser1AfterModify" time="9.287"/>
  <testcase classname="com.sgtesting.tests.Assignment9Scenario" name="logoutuser1AfternextModify" time="3.206"/>
  <testcase classname="com.sgtesting.tests.Assignment9Scenario" name="loginuser2last" time="9.285"/>
  <testcase classname="com.sgtesting.tests.Assignment9Scenario" name="adminUser2Click" time="3.364"/>
  <testcase classname="com.sgtesting.tests.Assignment9Scenario" name="modify3delete" time="3.087"/>
  <testcase classname="com.sgtesting.tests.Assignment9Scenario" name="user3delete" time="7.109"/>
  <testcase classname="com.sgtesting.tests.Assignment9Scenario" name="logoutuser1last" time="3.205"/>
  <testcase classname="com.sgtesting.tests.Assignment9Scenario" name="loginuser1last" time="9.268"/>
  <testcase classname="com.sgtesting.tests.Assignment9Scenario" name="adminUser1Click" time="3.334"/>
  <testcase classname="com.sgtesting.tests.Assignment9Scenario" name="modify2delete" time="3.09"/>
  <testcase classname="com.sgtesting.tests.Assignment9Scenario" name="user2delete" time="7.082"/>
  <testcase classname="com.sgtesting.tests.Assignment9Scenario" name="logoutuser1nextlast" time="3.231"/>
  <testcase classname="com.sgtesting.tests.Assignment9Scenario" name="loginAdminlast" time="9.284"/>
  <testcase classname="com.sgtesting.tests.Assignment9Scenario" name="adminClick" time="3.326"/>
  <testcase classname="com.sgtesting.tests.Assignment9Scenario" name="modify1delete" time="3.095"/>
  <testcase classname="com.sgtesting.tests.Assignment9Scenario" name="user1delete" time="7.098"/>
  <testcase classname="com.sgtesting.tests.Assignment9Scenario" name="logoutadminlast" time="3.239"/>
  <testcase classname="com.sgtesting.tests.Assignment9Scenario" name="closeApplication" time="0.334"/>
</testsuite> <!-- Default test -->
