<?xml version="1.0" encoding="UTF-8"?>
<!-- Generated by org.testng.reporters.JUnitXMLReporter -->
<testsuite ignored="0" hostname="LAPTOP-RERLQ593" failures="0" tests="260" name="Scenarios" time="873.022" errors="0" timestamp="2023-12-18T17:24:48 IST">
  <testcase classname="com.sgtesting.tests.LoginLogoutInTestNg" name="launchBrowser" time="2.086"/>
  <testcase classname="com.sgtesting.tests.LoginLogoutInTestNg" name="navigate" time="5.652"/>
  <testcase classname="com.sgtesting.tests.LoginLogoutInTestNg" name="login" time="9.35"/>
  <testcase classname="com.sgtesting.tests.LoginLogoutInTestNg" name="flyOutWindow" time="3.077"/>
  <testcase classname="com.sgtesting.tests.LoginLogoutInTestNg" name="logout" time="3.247"/>
  <testcase classname="com.sgtesting.tests.LoginLogoutInTestNg" name="closeApplication" time="0.295"/>
  <testcase classname="com.sgtesting.tests.CreateCustomerScenario" name="launchBrowser" time="1.232"/>
  <testcase classname="com.sgtesting.tests.CreateCustomerScenario" name="navigate" time="5.613"/>
  <testcase classname="com.sgtesting.tests.CreateCustomerScenario" name="login" time="9.337"/>
  <testcase classname="com.sgtesting.tests.CreateCustomerScenario" name="flyOutWindow" time="3.081"/>
  <testcase classname="com.sgtesting.tests.CreateCustomerScenario" name="taskClick" time="3.402"/>
  <testcase classname="com.sgtesting.tests.CreateCustomerScenario" name="AddnewTask" time="3.094"/>
  <testcase classname="com.sgtesting.tests.CreateCustomerScenario" name="AddnewCustomer" time="3.095"/>
  <testcase classname="com.sgtesting.tests.CreateCustomerScenario" name="InsertDataIntoCustomer" time="6.261"/>
  <testcase classname="com.sgtesting.tests.CreateCustomerScenario" name="clickCustomerButton" time="3.087"/>
  <testcase classname="com.sgtesting.tests.CreateCustomerScenario" name="clickCustomerSettingButton" time="3.086"/>
  <testcase classname="com.sgtesting.tests.CreateCustomerScenario" name="clickActionButton" time="3.087"/>
  <testcase classname="com.sgtesting.tests.CreateCustomerScenario" name="clickDeleteButton" time="3.085"/>
  <testcase classname="com.sgtesting.tests.CreateCustomerScenario" name="clickpermanenetDeleteButton" time="3.084"/>
  <testcase classname="com.sgtesting.tests.CreateCustomerScenario" name="logout" time="3.282"/>
  <testcase classname="com.sgtesting.tests.CreateCustomerScenario" name="closeApplication" time="0.297"/>
  <testcase classname="com.sgtesting.tests.CreateCustomerAllScenario" name="launchBrowser" time="1.191"/>
  <testcase classname="com.sgtesting.tests.CreateCustomerAllScenario" name="navigate" time="5.622"/>
  <testcase classname="com.sgtesting.tests.CreateCustomerAllScenario" name="login" time="9.338"/>
  <testcase classname="com.sgtesting.tests.CreateCustomerAllScenario" name="flyOutWindow" time="3.074"/>
  <testcase classname="com.sgtesting.tests.CreateCustomerAllScenario" name="taskClick" time="3.391"/>
  <testcase classname="com.sgtesting.tests.CreateCustomerAllScenario" name="AddnewTask" time="3.084"/>
  <testcase classname="com.sgtesting.tests.CreateCustomerAllScenario" name="AddnewCustomer" time="3.083"/>
  <testcase classname="com.sgtesting.tests.CreateCustomerAllScenario" name="InsertDataIntoCustomer" time="6.262"/>
  <testcase classname="com.sgtesting.tests.CreateCustomerAllScenario" name="clickCustomerButton" time="3.093"/>
  <testcase classname="com.sgtesting.tests.CreateCustomerAllScenario" name="clickCustomerSettingButton" time="3.095"/>
  <testcase classname="com.sgtesting.tests.CreateCustomerAllScenario" name="clickCustomerActiveButton" time="3.086"/>
  <testcase classname="com.sgtesting.tests.CreateCustomerAllScenario" name="clickCustomerArchivedButton" time="3.075"/>
  <testcase classname="com.sgtesting.tests.CreateCustomerAllScenario" name="clickActionButton" time="3.077"/>
  <testcase classname="com.sgtesting.tests.CreateCustomerAllScenario" name="clickDeleteButton" time="3.082"/>
  <testcase classname="com.sgtesting.tests.CreateCustomerAllScenario" name="clickpermanenetDeleteButton" time="3.078"/>
  <testcase classname="com.sgtesting.tests.CreateCustomerAllScenario" name="logout" time="3.238"/>
  <testcase classname="com.sgtesting.tests.CreateCustomerAllScenario" name="closeApplication" time="0.295"/>
  <testcase classname="com.sgtesting.tests.CreateProjectScenario" name="launchBrowser" time="1.228"/>
  <testcase classname="com.sgtesting.tests.CreateProjectScenario" name="navigate" time="5.664"/>
  <testcase classname="com.sgtesting.tests.CreateProjectScenario" name="login" time="9.332"/>
  <testcase classname="com.sgtesting.tests.CreateProjectScenario" name="flyOutWindow" time="3.102"/>
  <testcase classname="com.sgtesting.tests.CreateProjectScenario" name="taskClick" time="3.431"/>
  <testcase classname="com.sgtesting.tests.CreateProjectScenario" name="AddnewTask" time="3.088"/>
  <testcase classname="com.sgtesting.tests.CreateProjectScenario" name="AddnewProject" time="3.089"/>
  <testcase classname="com.sgtesting.tests.CreateProjectScenario" name="insertdataintoProject" time="3.174"/>
  <testcase classname="com.sgtesting.tests.CreateProjectScenario" name="insertdataintocustomer" time="3.109"/>
  <testcase classname="com.sgtesting.tests.CreateProjectScenario" name="clickCreateButton" time="3.093"/>
  <testcase classname="com.sgtesting.tests.CreateProjectScenario" name="clickCustomerSettingButton" time="3.092"/>
  <testcase classname="com.sgtesting.tests.CreateProjectScenario" name="clickActionButton" time="3.077"/>
  <testcase classname="com.sgtesting.tests.CreateProjectScenario" name="clickDeleteButton" time="3.078"/>
  <testcase classname="com.sgtesting.tests.CreateProjectScenario" name="clickpermanenetDeleteButton" time="3.081"/>
  <testcase classname="com.sgtesting.tests.CreateProjectScenario" name="logout" time="3.256"/>
  <testcase classname="com.sgtesting.tests.CreateProjectScenario" name="closeApplication" time="0.268"/>
  <testcase classname="com.sgtesting.tests.CreateProjectAllScenario" name="launchBrowser" time="1.229"/>
  <testcase classname="com.sgtesting.tests.CreateProjectAllScenario" name="navigate" time="5.617"/>
  <testcase classname="com.sgtesting.tests.CreateProjectAllScenario" name="login" time="9.339"/>
  <testcase classname="com.sgtesting.tests.CreateProjectAllScenario" name="flyOutWindow" time="3.077"/>
  <testcase classname="com.sgtesting.tests.CreateProjectAllScenario" name="taskClick" time="3.402"/>
  <testcase classname="com.sgtesting.tests.CreateProjectAllScenario" name="AddnewTask" time="3.082"/>
  <testcase classname="com.sgtesting.tests.CreateProjectAllScenario" name="AddnewProject" time="3.084"/>
  <testcase classname="com.sgtesting.tests.CreateProjectAllScenario" name="insertdataintoProject" time="3.162"/>
  <testcase classname="com.sgtesting.tests.CreateProjectAllScenario" name="insertdataintocustomer" time="3.111"/>
  <testcase classname="com.sgtesting.tests.CreateProjectAllScenario" name="clickCreateButton" time="3.093"/>
  <testcase classname="com.sgtesting.tests.CreateProjectAllScenario" name="clickCustomerSettingButton" time="3.09"/>
  <testcase classname="com.sgtesting.tests.CreateProjectAllScenario" name="clickCustomerActiveButton" time="3.084"/>
  <testcase classname="com.sgtesting.tests.CreateProjectAllScenario" name="clickCustomerArchivedButton" time="3.085"/>
  <testcase classname="com.sgtesting.tests.CreateProjectAllScenario" name="clickActionButton" time="3.087"/>
  <testcase classname="com.sgtesting.tests.CreateProjectAllScenario" name="clickDeleteButton" time="3.078"/>
  <testcase classname="com.sgtesting.tests.CreateProjectAllScenario" name="clickpermanenetDeleteButton" time="3.069"/>
  <testcase classname="com.sgtesting.tests.CreateProjectAllScenario" name="logout" time="3.264"/>
  <testcase classname="com.sgtesting.tests.CreateProjectAllScenario" name="closeApplication" time="0.294"/>
  <testcase classname="com.sgtesting.tests.CreateTaskScenario" name="launchBrowser" time="1.228"/>
  <testcase classname="com.sgtesting.tests.CreateTaskScenario" name="navigate" time="5.637"/>
  <testcase classname="com.sgtesting.tests.CreateTaskScenario" name="login" time="9.337"/>
  <testcase classname="com.sgtesting.tests.CreateTaskScenario" name="flyOutWindow" time="3.088"/>
  <testcase classname="com.sgtesting.tests.CreateTaskScenario" name="taskClick" time="3.405"/>
  <testcase classname="com.sgtesting.tests.CreateTaskScenario" name="AddnewTask" time="3.099"/>
  <testcase classname="com.sgtesting.tests.CreateTaskScenario" name="AddnewProject" time="3.079"/>
  <testcase classname="com.sgtesting.tests.CreateTaskScenario" name="insertdataintoProject" time="3.179"/>
  <testcase classname="com.sgtesting.tests.CreateTaskScenario" name="insertdataintocustomer" time="3.114"/>
  <testcase classname="com.sgtesting.tests.CreateTaskScenario" name="clickCreateButton" time="3.095"/>
  <testcase classname="com.sgtesting.tests.CreateTaskScenario" name="clickCreatetaskButton" time="3.086"/>
  <testcase classname="com.sgtesting.tests.CreateTaskScenario" name="clickCreatenewtaskButton" time="3.085"/>
  <testcase classname="com.sgtesting.tests.CreateTaskScenario" name="insretValueToTask" time="3.116"/>
  <testcase classname="com.sgtesting.tests.CreateTaskScenario" name="clickTaskButton" time="3.093"/>
  <testcase classname="com.sgtesting.tests.CreateTaskScenario" name="clickCustomerSettingButton" time="3.099"/>
  <testcase classname="com.sgtesting.tests.CreateTaskScenario" name="clickActionButton" time="3.102"/>
  <testcase classname="com.sgtesting.tests.CreateTaskScenario" name="clickDeleteButton" time="3.081"/>
  <testcase classname="com.sgtesting.tests.CreateTaskScenario" name="clickpermanenetDeleteButton" time="3.08"/>
  <testcase classname="com.sgtesting.tests.CreateTaskScenario" name="logout" time="3.266"/>
  <testcase classname="com.sgtesting.tests.CreateTaskScenario" name="closeApplication" time="0.264"/>
  <testcase classname="com.sgtesting.tests.CreateUserScenario" name="launchBrowser" time="1.236"/>
  <testcase classname="com.sgtesting.tests.CreateUserScenario" name="navigate" time="5.597"/>
  <testcase classname="com.sgtesting.tests.CreateUserScenario" name="login" time="9.395"/>
  <testcase classname="com.sgtesting.tests.CreateUserScenario" name="flyOutWindow" time="3.088"/>
  <testcase classname="com.sgtesting.tests.CreateUserScenario" name="createUser" time="3.56"/>
  <testcase classname="com.sgtesting.tests.CreateUserScenario" name="Adduser" time="3.106"/>
  <testcase classname="com.sgtesting.tests.CreateUserScenario" name="FN" time="0.116"/>
  <testcase classname="com.sgtesting.tests.CreateUserScenario" name="LN" time="0.136"/>
  <testcase classname="com.sgtesting.tests.CreateUserScenario" name="Email" time="0.145"/>
  <testcase classname="com.sgtesting.tests.CreateUserScenario" name="username" time="0.11"/>
  <testcase classname="com.sgtesting.tests.CreateUserScenario" name="password" time="0.132"/>
  <testcase classname="com.sgtesting.tests.CreateUserScenario" name="passwordcopy" time="0.129"/>
  <testcase classname="com.sgtesting.tests.CreateUserScenario" name="createuser" time="3.099"/>
  <testcase classname="com.sgtesting.tests.CreateUserScenario" name="modifyUserdata" time="3.108"/>
  <testcase classname="com.sgtesting.tests.CreateUserScenario" name="modifyData" time="6.228"/>
  <testcase classname="com.sgtesting.tests.CreateUserScenario" name="modifycreateuser" time="3.112"/>
  <testcase classname="com.sgtesting.tests.CreateUserScenario" name="userForOpen" time="3.095"/>
  <testcase classname="com.sgtesting.tests.CreateUserScenario" name="userdelete" time="7.115"/>
  <testcase classname="com.sgtesting.tests.CreateUserScenario" name="logout" time="3.25"/>
  <testcase classname="com.sgtesting.tests.CreateUserScenario" name="closeApplication" time="0.356"/>
  <testcase classname="com.sgtesting.tests.Assignment8Scenario" name="launchBrowser" time="1.211"/>
  <testcase classname="com.sgtesting.tests.Assignment8Scenario" name="navigate" time="6.866"/>
  <testcase classname="com.sgtesting.tests.Assignment8Scenario" name="login" time="9.337"/>
  <testcase classname="com.sgtesting.tests.Assignment8Scenario" name="flyOutWindow" time="3.076"/>
  <testcase classname="com.sgtesting.tests.Assignment8Scenario" name="createUser" time="3.498"/>
  <testcase classname="com.sgtesting.tests.Assignment8Scenario" name="Adduser" time="3.091"/>
  <testcase classname="com.sgtesting.tests.Assignment8Scenario" name="FN" time="0.098"/>
  <testcase classname="com.sgtesting.tests.Assignment8Scenario" name="LN" time="0.128"/>
  <testcase classname="com.sgtesting.tests.Assignment8Scenario" name="Email" time="0.16"/>
  <testcase classname="com.sgtesting.tests.Assignment8Scenario" name="username" time="0.126"/>
  <testcase classname="com.sgtesting.tests.Assignment8Scenario" name="password" time="0.128"/>
  <testcase classname="com.sgtesting.tests.Assignment8Scenario" name="passwordcopy" time="0.14"/>
  <testcase classname="com.sgtesting.tests.Assignment8Scenario" name="createuser" time="3.086"/>
  <testcase classname="com.sgtesting.tests.Assignment8Scenario" name="Adduser2" time="3.082"/>
  <testcase classname="com.sgtesting.tests.Assignment8Scenario" name="FN2" time="0.082"/>
  <testcase classname="com.sgtesting.tests.Assignment8Scenario" name="LN2" time="0.114"/>
  <testcase classname="com.sgtesting.tests.Assignment8Scenario" name="Email2" time="0.144"/>
  <testcase classname="com.sgtesting.tests.Assignment8Scenario" name="username2" time="0.112"/>
  <testcase classname="com.sgtesting.tests.Assignment8Scenario" name="password2" time="0.115"/>
  <testcase classname="com.sgtesting.tests.Assignment8Scenario" name="passwordcopy2" time="0.118"/>
  <testcase classname="com.sgtesting.tests.Assignment8Scenario" name="createuser3" time="3.081"/>
  <testcase classname="com.sgtesting.tests.Assignment8Scenario" name="Adduser3" time="3.083"/>
  <testcase classname="com.sgtesting.tests.Assignment8Scenario" name="FN3" time="0.088"/>
  <testcase classname="com.sgtesting.tests.Assignment8Scenario" name="LN3" time="0.113"/>
  <testcase classname="com.sgtesting.tests.Assignment8Scenario" name="Email3" time="0.153"/>
  <testcase classname="com.sgtesting.tests.Assignment8Scenario" name="username3" time="0.119"/>
  <testcase classname="com.sgtesting.tests.Assignment8Scenario" name="password3" time="0.12"/>
  <testcase classname="com.sgtesting.tests.Assignment8Scenario" name="passwordcopy3" time="0.125"/>
  <testcase classname="com.sgtesting.tests.Assignment8Scenario" name="createuser2" time="3.074"/>
  <testcase classname="com.sgtesting.tests.Assignment8Scenario" name="logout" time="3.296"/>
  <testcase classname="com.sgtesting.tests.Assignment8Scenario" name="loginuser1" time="9.294"/>
  <testcase classname="com.sgtesting.tests.Assignment8Scenario" name="startExploreuser1" time="3.092"/>
  <testcase classname="com.sgtesting.tests.Assignment8Scenario" name="logoutuser1" time="3.208"/>
  <testcase classname="com.sgtesting.tests.Assignment8Scenario" name="loginuser2" time="9.272"/>
  <testcase classname="com.sgtesting.tests.Assignment8Scenario" name="startExploreuser2" time="3.069"/>
  <testcase classname="com.sgtesting.tests.Assignment8Scenario" name="logoutuser2" time="3.25"/>
  <testcase classname="com.sgtesting.tests.Assignment8Scenario" name="loginuser3" time="9.283"/>
  <testcase classname="com.sgtesting.tests.Assignment8Scenario" name="startExploreuser3" time="3.085"/>
  <testcase classname="com.sgtesting.tests.Assignment8Scenario" name="logoutuser3" time="3.203"/>
  <testcase classname="com.sgtesting.tests.Assignment8Scenario" name="loginAsAdmin" time="9.275"/>
  <testcase classname="com.sgtesting.tests.Assignment8Scenario" name="adminuser" time="3.431"/>
  <testcase classname="com.sgtesting.tests.Assignment8Scenario" name="modify1" time="3.11"/>
  <testcase classname="com.sgtesting.tests.Assignment8Scenario" name="modify1password" time="0.246"/>
  <testcase classname="com.sgtesting.tests.Assignment8Scenario" name="modifycreateuser1" time="3.097"/>
  <testcase classname="com.sgtesting.tests.Assignment8Scenario" name="modify2" time="3.086"/>
  <testcase classname="com.sgtesting.tests.Assignment8Scenario" name="modify2password" time="0.263"/>
  <testcase classname="com.sgtesting.tests.Assignment8Scenario" name="modifycreateuser2" time="3.079"/>
  <testcase classname="com.sgtesting.tests.Assignment8Scenario" name="modify3" time="3.094"/>
  <testcase classname="com.sgtesting.tests.Assignment8Scenario" name="modify3password" time="0.272"/>
  <testcase classname="com.sgtesting.tests.Assignment8Scenario" name="modifycreateuser3" time="3.079"/>
  <testcase classname="com.sgtesting.tests.Assignment8Scenario" name="modifylogoutadmin" time="3.249"/>
  <testcase classname="com.sgtesting.tests.Assignment8Scenario" name="modifyloginuser1" time="9.28"/>
  <testcase classname="com.sgtesting.tests.Assignment8Scenario" name="modifylogoutuser1" time="3.2"/>
  <testcase classname="com.sgtesting.tests.Assignment8Scenario" name="modifyloginuser2" time="9.258"/>
  <testcase classname="com.sgtesting.tests.Assignment8Scenario" name="modifylogoutuser2" time="3.19"/>
  <testcase classname="com.sgtesting.tests.Assignment8Scenario" name="modifyloginuser3" time="9.287"/>
  <testcase classname="com.sgtesting.tests.Assignment8Scenario" name="modifylogoutuser3" time="3.187"/>
  <testcase classname="com.sgtesting.tests.Assignment8Scenario" name="Adminlogin" time="9.258"/>
  <testcase classname="com.sgtesting.tests.Assignment8Scenario" name="modifycreateUser" time="3.373"/>
  <testcase classname="com.sgtesting.tests.Assignment8Scenario" name="modify1delete" time="3.098"/>
  <testcase classname="com.sgtesting.tests.Assignment8Scenario" name="user1delete" time="7.096"/>
  <testcase classname="com.sgtesting.tests.Assignment8Scenario" name="modify2delete" time="3.09"/>
  <testcase classname="com.sgtesting.tests.Assignment8Scenario" name="user2delete" time="7.085"/>
  <testcase classname="com.sgtesting.tests.Assignment8Scenario" name="modify3delete" time="3.084"/>
  <testcase classname="com.sgtesting.tests.Assignment8Scenario" name="user3delete" time="7.096"/>
  <testcase classname="com.sgtesting.tests.Assignment8Scenario" name="logoutlast" time="3.237"/>
  <testcase classname="com.sgtesting.tests.Assignment8Scenario" name="closeApplication" time="0.341"/>
  <testcase classname="com.sgtesting.tests.Assignment9Scenario" name="launchBrowser" time="1.185"/>
  <testcase classname="com.sgtesting.tests.Assignment9Scenario" name="navigate" time="5.602"/>
  <testcase classname="com.sgtesting.tests.Assignment9Scenario" name="login" time="9.331"/>
  <testcase classname="com.sgtesting.tests.Assignment9Scenario" name="flyOutWindow" time="3.079"/>
  <testcase classname="com.sgtesting.tests.Assignment9Scenario" name="createUser1" time="3.982"/>
  <testcase classname="com.sgtesting.tests.Assignment9Scenario" name="Adduser1" time="3.099"/>
  <testcase classname="com.sgtesting.tests.Assignment9Scenario" name="FN1" time="0.099"/>
  <testcase classname="com.sgtesting.tests.Assignment9Scenario" name="LN1" time="0.125"/>
  <testcase classname="com.sgtesting.tests.Assignment9Scenario" name="Email1" time="0.154"/>
  <testcase classname="com.sgtesting.tests.Assignment9Scenario" name="username1" time="0.125"/>
  <testcase classname="com.sgtesting.tests.Assignment9Scenario" name="password1" time="0.131"/>
  <testcase classname="com.sgtesting.tests.Assignment9Scenario" name="passwordcopy1" time="0.129"/>
  <testcase classname="com.sgtesting.tests.Assignment9Scenario" name="createuser1" time="3.095"/>
  <testcase classname="com.sgtesting.tests.Assignment9Scenario" name="logoutAdmin" time="3.236"/>
  <testcase classname="com.sgtesting.tests.Assignment9Scenario" name="loginuser1" time="9.278"/>
  <testcase classname="com.sgtesting.tests.Assignment9Scenario" name="startExploreuser1" time="3.09"/>
  <testcase classname="com.sgtesting.tests.Assignment9Scenario" name="createUser2" time="3.358"/>
  <testcase classname="com.sgtesting.tests.Assignment9Scenario" name="Adduser2" time="3.075"/>
  <testcase classname="com.sgtesting.tests.Assignment9Scenario" name="FN2" time="0.081"/>
  <testcase classname="com.sgtesting.tests.Assignment9Scenario" name="LN2" time="0.114"/>
  <testcase classname="com.sgtesting.tests.Assignment9Scenario" name="Email2" time="0.143"/>
  <testcase classname="com.sgtesting.tests.Assignment9Scenario" name="username2" time="0.109"/>
  <testcase classname="com.sgtesting.tests.Assignment9Scenario" name="password2" time="0.116"/>
  <testcase classname="com.sgtesting.tests.Assignment9Scenario" name="passwordcopy2" time="0.112"/>
  <testcase classname="com.sgtesting.tests.Assignment9Scenario" name="createuser2" time="3.081"/>
  <testcase classname="com.sgtesting.tests.Assignment9Scenario" name="logoutuser1" time="3.245"/>
  <testcase classname="com.sgtesting.tests.Assignment9Scenario" name="loginuser2" time="9.27"/>
  <testcase classname="com.sgtesting.tests.Assignment9Scenario" name="startExploreuser2" time="3.085"/>
  <testcase classname="com.sgtesting.tests.Assignment9Scenario" name="createUser3" time="3.34"/>
  <testcase classname="com.sgtesting.tests.Assignment9Scenario" name="Adduser3" time="3.092"/>
  <testcase classname="com.sgtesting.tests.Assignment9Scenario" name="FN3" time="0.085"/>
  <testcase classname="com.sgtesting.tests.Assignment9Scenario" name="LN3" time="0.114"/>
  <testcase classname="com.sgtesting.tests.Assignment9Scenario" name="Email3" time="0.147"/>
  <testcase classname="com.sgtesting.tests.Assignment9Scenario" name="username3" time="0.115"/>
  <testcase classname="com.sgtesting.tests.Assignment9Scenario" name="password3" time="0.123"/>
  <testcase classname="com.sgtesting.tests.Assignment9Scenario" name="passwordcopy3" time="0.125"/>
  <testcase classname="com.sgtesting.tests.Assignment9Scenario" name="createuser3" time="3.075"/>
  <testcase classname="com.sgtesting.tests.Assignment9Scenario" name="logoutuser2" time="3.209"/>
  <testcase classname="com.sgtesting.tests.Assignment9Scenario" name="loginuser3" time="9.279"/>
  <testcase classname="com.sgtesting.tests.Assignment9Scenario" name="startExploreuser3" time="3.074"/>
  <testcase classname="com.sgtesting.tests.Assignment9Scenario" name="logoutuser3" time="3.2"/>
  <testcase classname="com.sgtesting.tests.Assignment9Scenario" name="loginuser2ForModifyUser3" time="9.261"/>
  <testcase classname="com.sgtesting.tests.Assignment9Scenario" name="adminuser" time="3.354"/>
  <testcase classname="com.sgtesting.tests.Assignment9Scenario" name="modify3" time="3.096"/>
  <testcase classname="com.sgtesting.tests.Assignment9Scenario" name="modify3password" time="0.25"/>
  <testcase classname="com.sgtesting.tests.Assignment9Scenario" name="modifycreateuser1" time="3.094"/>
  <testcase classname="com.sgtesting.tests.Assignment9Scenario" name="logoutuser2AfterModify" time="3.231"/>
  <testcase classname="com.sgtesting.tests.Assignment9Scenario" name="loginuser3AfterModify" time="9.285"/>
  <testcase classname="com.sgtesting.tests.Assignment9Scenario" name="logoutuser3AfterModify" time="3.205"/>
  <testcase classname="com.sgtesting.tests.Assignment9Scenario" name="loginuser1ForModifyUser2" time="9.284"/>
  <testcase classname="com.sgtesting.tests.Assignment9Scenario" name="adminuser1" time="3.364"/>
  <testcase classname="com.sgtesting.tests.Assignment9Scenario" name="modify2" time="3.175"/>
  <testcase classname="com.sgtesting.tests.Assignment9Scenario" name="modify2password" time="0.238"/>
  <testcase classname="com.sgtesting.tests.Assignment9Scenario" name="modifycreateuser2" time="3.07"/>
  <testcase classname="com.sgtesting.tests.Assignment9Scenario" name="logoutuser1AfterModify" time="3.244"/>
  <testcase classname="com.sgtesting.tests.Assignment9Scenario" name="loginuser2AfterModify" time="9.266"/>
  <testcase classname="com.sgtesting.tests.Assignment9Scenario" name="logoutuser2AfternextModify" time="3.2"/>
  <testcase classname="com.sgtesting.tests.Assignment9Scenario" name="loginAsAdmin" time="9.256"/>
  <testcase classname="com.sgtesting.tests.Assignment9Scenario" name="adminUserClick" time="3.36"/>
  <testcase classname="com.sgtesting.tests.Assignment9Scenario" name="modify1" time="3.112"/>
  <testcase classname="com.sgtesting.tests.Assignment9Scenario" name="modify1password" time="0.247"/>
  <testcase classname="com.sgtesting.tests.Assignment9Scenario" name="modifycreateuser1CLickButton" time="3.081"/>
  <testcase classname="com.sgtesting.tests.Assignment9Scenario" name="logoutadmin" time="3.231"/>
  <testcase classname="com.sgtesting.tests.Assignment9Scenario" name="loginuser1AfterModify" time="9.276"/>
  <testcase classname="com.sgtesting.tests.Assignment9Scenario" name="logoutuser1AfternextModify" time="3.198"/>
  <testcase classname="com.sgtesting.tests.Assignment9Scenario" name="loginuser2last" time="9.266"/>
  <testcase classname="com.sgtesting.tests.Assignment9Scenario" name="adminUser2Click" time="3.371"/>
  <testcase classname="com.sgtesting.tests.Assignment9Scenario" name="modify3delete" time="3.082"/>
  <testcase classname="com.sgtesting.tests.Assignment9Scenario" name="user3delete" time="7.097"/>
  <testcase classname="com.sgtesting.tests.Assignment9Scenario" name="logoutuser1last" time="3.211"/>
  <testcase classname="com.sgtesting.tests.Assignment9Scenario" name="loginuser1last" time="9.283"/>
  <testcase classname="com.sgtesting.tests.Assignment9Scenario" name="adminUser1Click" time="3.357"/>
  <testcase classname="com.sgtesting.tests.Assignment9Scenario" name="modify2delete" time="3.087"/>
  <testcase classname="com.sgtesting.tests.Assignment9Scenario" name="user2delete" time="7.079"/>
  <testcase classname="com.sgtesting.tests.Assignment9Scenario" name="logoutuser1nextlast" time="3.225"/>
  <testcase classname="com.sgtesting.tests.Assignment9Scenario" name="loginAdminlast" time="9.259"/>
  <testcase classname="com.sgtesting.tests.Assignment9Scenario" name="adminClick" time="3.346"/>
  <testcase classname="com.sgtesting.tests.Assignment9Scenario" name="modify1delete" time="3.086"/>
  <testcase classname="com.sgtesting.tests.Assignment9Scenario" name="user1delete" time="7.096"/>
  <testcase classname="com.sgtesting.tests.Assignment9Scenario" name="logoutadminlast" time="3.236"/>
  <testcase classname="com.sgtesting.tests.Assignment9Scenario" name="closeApplication" time="0.314"/>
</testsuite> <!-- Scenarios -->
